[10:02:01] [main/INFO] (FabricLoader/GameProvider) Loading Minecraft 1.17.1 with Fabric Loader 0.13.1
[10:02:02] [main/DEBUG] (FabricLoader/GamePatch) Found game constructor: net.minecraft.server.Main -> net/minecraft/server/Main
[10:02:02] [main/DEBUG] (FabricLoader/GamePatch) Patching game constructor main([Ljava/lang/String;)V
[10:02:02] [main/DEBUG] (FabricLoader/GamePatch) 20w22a+ detected, patching main method...
[10:02:02] [main/DEBUG] (FabricLoader/GamePatch) Detected version above 20w22a
[10:02:02] [main/DEBUG] (FabricLoader/GamePatch) Applying brand name hook to net/minecraft/client/ClientBrandRetriever::getClientModName
[10:02:02] [main/DEBUG] (FabricLoader/GamePatch) Applying brand name hook to net/minecraft/server/MinecraftServer::getServerModName
[10:02:02] [main/DEBUG] (FabricLoader/GamePatch) Patched 3 classs
[10:02:02] [main/DEBUG] (FabricLoader/Discovery) Mod discovery time: 128.8 ms
[10:02:02] [main/DEBUG] (FabricLoader/Resolution) Mod resolution time: 100.2 ms
[10:02:02] [main/INFO] (FabricLoader) Loading 42 mods:
	- fabric 0.46.1+1.17
	- fabric-api-base 0.4.0+cf39a74318
	- fabric-api-lookup-api-v1 1.5.0+e821752d18
	- fabric-biome-api-v1 3.2.2+cf39a74318
	- fabric-command-api-v1 1.1.4+cf39a74318
	- fabric-commands-v0 0.2.3+cf39a74318
	- fabric-containers-v0 0.1.13+cf39a74318
	- fabric-content-registries-v0 0.4.1+3447790d18
	- fabric-crash-report-info-v1 0.1.6+cf39a74318
	- fabric-data-generation-api-v1 1.1.2+4a20890318
	- fabric-dimensions-v1 2.0.15+b556f28c18
	- fabric-entity-events-v1 1.4.1+377137cc18
	- fabric-events-interaction-v0 0.4.12+e99fbe1218
	- fabric-events-lifecycle-v0 0.2.4+cf39a74318
	- fabric-game-rule-api-v1 1.0.8+cf39a74318
	- fabric-gametest-api-v1 1.0.5+234bdc2e18
	- fabric-item-api-v1 1.3.0+6617390918
	- fabric-item-groups-v0 0.3.2+cf39a74318
	- fabric-lifecycle-events-v1 1.4.6+0392f3a618
	- fabric-loot-tables-v1 1.0.5+cf39a74318
	- fabric-mining-level-api-v1 1.0.3+cf39a74318
	- fabric-mining-levels-v0 0.1.7+cf39a74318
	- fabric-networking-api-v1 1.0.14+cf39a74318
	- fabric-networking-blockentity-v0 0.2.12+cf39a74318
	- fabric-networking-v0 0.3.3+cf39a74318
	- fabric-object-builder-api-v1 1.11.1+f907116918
	- fabric-object-builders-v0 0.7.8+cf39a74318
	- fabric-particles-v1 0.2.5+cf39a74318
	- fabric-registry-sync-v0 0.8.0+ea29b33318
	- fabric-rendering-data-attachment-v1 0.1.6+cf39a74318
	- fabric-rendering-fluids-v1 0.2.1+cf39a74318
	- fabric-resource-conditions-api-v1 1.0.1+591a0f2118
	- fabric-resource-loader-v0 0.4.10+f09604ce18
	- fabric-screen-handler-api-v1 1.1.9+cf39a74318
	- fabric-structure-api-v1 1.2.0+48a9ad8918
	- fabric-tag-extensions-v0 1.2.3+cf39a74318
	- fabric-tool-attribute-api-v1 1.3.3+3b96517518
	- fabric-transfer-api-v1 1.5.4+cf39a74318
	- fabricloader 0.13.1
	- java 17
	- minecraft 1.17.1
	- more_dimensions_remake 1.0.0
[10:02:02] [main/DEBUG] (FabricLoader/Knot) Adding C:\Users\yexiaowei\MCreatorWorkspaces\more_dimensions_remake\.gradle\loom-cache\remapped_mods\loom_mappings_1_17_1_layered_hash_2192_v2\net\fabricmc\fabric-api\fabric-object-builder-api-v1\1.11.1+f907116918\fabric-object-builder-api-v1-1.11.1+f907116918.jar to classpath.
[10:02:02] [main/DEBUG] (FabricLoader/Knot) Adding C:\Users\yexiaowei\MCreatorWorkspaces\more_dimensions_remake\.gradle\loom-cache\remapped_mods\loom_mappings_1_17_1_layered_hash_2192_v2\net\fabricmc\fabric-api\fabric-resource-conditions-api-v1\1.0.1+591a0f2118\fabric-resource-conditions-api-v1-1.0.1+591a0f2118.jar to classpath.
[10:02:02] [main/DEBUG] (FabricLoader/Knot) Adding C:\Users\yexiaowei\MCreatorWorkspaces\more_dimensions_remake\.gradle\loom-cache\remapped_mods\loom_mappings_1_17_1_layered_hash_2192_v2\net\fabricmc\fabric-api\fabric-structure-api-v1\1.2.0+48a9ad8918\fabric-structure-api-v1-1.2.0+48a9ad8918.jar to classpath.
[10:02:02] [main/DEBUG] (FabricLoader/Knot) Adding C:\Users\yexiaowei\MCreatorWorkspaces\more_dimensions_remake\.gradle\loom-cache\remapped_mods\loom_mappings_1_17_1_layered_hash_2192_v2\net\fabricmc\fabric-api\fabric-events-interaction-v0\0.4.12+e99fbe1218\fabric-events-interaction-v0-0.4.12+e99fbe1218.jar to classpath.
[10:02:02] [main/DEBUG] (FabricLoader/Knot) Adding C:\Users\yexiaowei\MCreatorWorkspaces\more_dimensions_remake\.gradle\loom-cache\remapped_mods\loom_mappings_1_17_1_layered_hash_2192_v2\net\fabricmc\fabric-api\fabric-mining-level-api-v1\1.0.3+cf39a74318\fabric-mining-level-api-v1-1.0.3+cf39a74318.jar to classpath.
[10:02:02] [main/DEBUG] (FabricLoader/Knot) Adding C:\Users\yexiaowei\MCreatorWorkspaces\more_dimensions_remake\.gradle\loom-cache\remapped_mods\loom_mappings_1_17_1_layered_hash_2192_v2\net\fabricmc\fabric-api\fabric-dimensions-v1\2.0.15+b556f28c18\fabric-dimensions-v1-2.0.15+b556f28c18.jar to classpath.
[10:02:02] [main/DEBUG] (FabricLoader/Knot) Adding C:\Users\yexiaowei\MCreatorWorkspaces\more_dimensions_remake\.gradle\loom-cache\remapped_mods\loom_mappings_1_17_1_layered_hash_2192_v2\net\fabricmc\fabric-api\fabric-item-groups-v0\0.3.2+cf39a74318\fabric-item-groups-v0-0.3.2+cf39a74318.jar to classpath.
[10:02:02] [main/DEBUG] (FabricLoader/Knot) Adding C:\Users\yexiaowei\MCreatorWorkspaces\more_dimensions_remake\.gradle\loom-cache\remapped_mods\loom_mappings_1_17_1_layered_hash_2192_v2\net\fabricmc\fabric-api\fabric-command-api-v1\1.1.4+cf39a74318\fabric-command-api-v1-1.1.4+cf39a74318.jar to classpath.
[10:02:02] [main/DEBUG] (FabricLoader/Knot) Adding C:\Users\yexiaowei\MCreatorWorkspaces\more_dimensions_remake\.gradle\loom-cache\remapped_mods\loom_mappings_1_17_1_layered_hash_2192_v2\net\fabricmc\fabric-api\fabric-networking-api-v1\1.0.14+cf39a74318\fabric-networking-api-v1-1.0.14+cf39a74318.jar to classpath.
[10:02:02] [main/DEBUG] (FabricLoader/Knot) Adding C:\Users\yexiaowei\MCreatorWorkspaces\more_dimensions_remake\.gradle\loom-cache\remapped_mods\loom_mappings_1_17_1_layered_hash_2192_v2\net\fabricmc\fabric-api\fabric-containers-v0\0.1.13+cf39a74318\fabric-containers-v0-0.1.13+cf39a74318.jar to classpath.
[10:02:02] [main/DEBUG] (FabricLoader/Knot) Adding C:\Users\yexiaowei\MCreatorWorkspaces\more_dimensions_remake\.gradle\loom-cache\remapped_mods\loom_mappings_1_17_1_layered_hash_2192_v2\net\fabricmc\fabric-api\fabric-object-builders-v0\0.7.8+cf39a74318\fabric-object-builders-v0-0.7.8+cf39a74318.jar to classpath.
[10:02:02] [main/DEBUG] (FabricLoader/Knot) Adding C:\Users\yexiaowei\MCreatorWorkspaces\more_dimensions_remake\.gradle\loom-cache\remapped_mods\loom_mappings_1_17_1_layered_hash_2192_v2\net\fabricmc\fabric-api\fabric-game-rule-api-v1\1.0.8+cf39a74318\fabric-game-rule-api-v1-1.0.8+cf39a74318.jar to classpath.
[10:02:02] [main/DEBUG] (FabricLoader/Knot) Adding C:\Users\yexiaowei\MCreatorWorkspaces\more_dimensions_remake\.gradle\loom-cache\remapped_mods\loom_mappings_1_17_1_layered_hash_2192_v2\net\fabricmc\fabric-api\fabric-crash-report-info-v1\0.1.6+cf39a74318\fabric-crash-report-info-v1-0.1.6+cf39a74318.jar to classpath.
[10:02:02] [main/DEBUG] (FabricLoader/Knot) Adding C:\Users\yexiaowei\MCreatorWorkspaces\more_dimensions_remake\.gradle\loom-cache\remapped_mods\loom_mappings_1_17_1_layered_hash_2192_v2\net\fabricmc\fabric-api\fabric-commands-v0\0.2.3+cf39a74318\fabric-commands-v0-0.2.3+cf39a74318.jar to classpath.
[10:02:02] [main/DEBUG] (FabricLoader/Knot) Adding C:\Users\yexiaowei\MCreatorWorkspaces\more_dimensions_remake\.gradle\loom-cache\remapped_mods\loom_mappings_1_17_1_layered_hash_2192_v2\net\fabricmc\fabric-api\fabric-registry-sync-v0\0.8.0+ea29b33318\fabric-registry-sync-v0-0.8.0+ea29b33318.jar to classpath.
[10:02:02] [main/DEBUG] (FabricLoader/Knot) Adding C:\Users\yexiaowei\MCreatorWorkspaces\more_dimensions_remake\.gradle\loom-cache\remapped_mods\loom_mappings_1_17_1_layered_hash_2192_v2\net\fabricmc\fabric-api\fabric-mining-levels-v0\0.1.7+cf39a74318\fabric-mining-levels-v0-0.1.7+cf39a74318.jar to classpath.
[10:02:02] [main/DEBUG] (FabricLoader/Knot) Adding C:\Users\yexiaowei\MCreatorWorkspaces\more_dimensions_remake\.gradle\loom-cache\remapped_mods\loom_mappings_1_17_1_layered_hash_2192_v2\net\fabricmc\fabric-api\fabric-resource-loader-v0\0.4.10+f09604ce18\fabric-resource-loader-v0-0.4.10+f09604ce18.jar to classpath.
[10:02:02] [main/DEBUG] (FabricLoader/Knot) Adding C:\Users\yexiaowei\MCreatorWorkspaces\more_dimensions_remake\.gradle\loom-cache\remapped_mods\loom_mappings_1_17_1_layered_hash_2192_v2\net\fabricmc\fabric-api\fabric-networking-v0\0.3.3+cf39a74318\fabric-networking-v0-0.3.3+cf39a74318.jar to classpath.
[10:02:02] [main/DEBUG] (FabricLoader/Knot) Adding C:\Users\yexiaowei\MCreatorWorkspaces\more_dimensions_remake\.gradle\loom-cache\remapped_mods\loom_mappings_1_17_1_layered_hash_2192_v2\net\fabricmc\fabric-api\fabric-screen-handler-api-v1\1.1.9+cf39a74318\fabric-screen-handler-api-v1-1.1.9+cf39a74318.jar to classpath.
[10:02:02] [main/DEBUG] (FabricLoader/Knot) Adding C:\Users\yexiaowei\MCreatorWorkspaces\more_dimensions_remake\.gradle\loom-cache\remapped_mods\loom_mappings_1_17_1_layered_hash_2192_v2\net\fabricmc\fabric-api\fabric-tag-extensions-v0\1.2.3+cf39a74318\fabric-tag-extensions-v0-1.2.3+cf39a74318.jar to classpath.
[10:02:02] [main/DEBUG] (FabricLoader/Knot) Adding C:\Users\yexiaowei\MCreatorWorkspaces\more_dimensions_remake\build\resources\main to classpath.
[10:02:02] [main/DEBUG] (FabricLoader/Knot) Adding C:\Users\yexiaowei\MCreatorWorkspaces\more_dimensions_remake\.gradle\loom-cache\remapped_mods\loom_mappings_1_17_1_layered_hash_2192_v2\net\fabricmc\fabric-api\fabric-lifecycle-events-v1\1.4.6+0392f3a618\fabric-lifecycle-events-v1-1.4.6+0392f3a618.jar to classpath.
[10:02:02] [main/DEBUG] (FabricLoader/Knot) Adding C:\Users\yexiaowei\MCreatorWorkspaces\more_dimensions_remake\.gradle\loom-cache\remapped_mods\loom_mappings_1_17_1_layered_hash_2192_v2\net\fabricmc\fabric-api\fabric-content-registries-v0\0.4.1+3447790d18\fabric-content-registries-v0-0.4.1+3447790d18.jar to classpath.
[10:02:02] [main/DEBUG] (FabricLoader/Knot) Adding C:\Users\yexiaowei\MCreatorWorkspaces\more_dimensions_remake\.gradle\loom-cache\remapped_mods\loom_mappings_1_17_1_layered_hash_2192_v2\net\fabricmc\fabric-api\fabric-api\0.46.1+1.17\fabric-api-0.46.1+1.17.jar to classpath.
[10:02:02] [main/DEBUG] (FabricLoader/Knot) Adding C:\Users\yexiaowei\MCreatorWorkspaces\more_dimensions_remake\.gradle\loom-cache\remapped_mods\loom_mappings_1_17_1_layered_hash_2192_v2\net\fabricmc\fabric-api\fabric-api-lookup-api-v1\1.5.0+e821752d18\fabric-api-lookup-api-v1-1.5.0+e821752d18.jar to classpath.
[10:02:02] [main/DEBUG] (FabricLoader/Knot) Adding C:\Users\yexiaowei\MCreatorWorkspaces\more_dimensions_remake\.gradle\loom-cache\remapped_mods\loom_mappings_1_17_1_layered_hash_2192_v2\net\fabricmc\fabric-api\fabric-loot-tables-v1\1.0.5+cf39a74318\fabric-loot-tables-v1-1.0.5+cf39a74318.jar to classpath.
[10:02:02] [main/DEBUG] (FabricLoader/Knot) Adding C:\Users\yexiaowei\MCreatorWorkspaces\more_dimensions_remake\.gradle\loom-cache\remapped_mods\loom_mappings_1_17_1_layered_hash_2192_v2\net\fabricmc\fabric-api\fabric-tool-attribute-api-v1\1.3.3+3b96517518\fabric-tool-attribute-api-v1-1.3.3+3b96517518.jar to classpath.
[10:02:02] [main/DEBUG] (FabricLoader/Knot) Adding C:\Users\yexiaowei\MCreatorWorkspaces\more_dimensions_remake\.gradle\loom-cache\remapped_mods\loom_mappings_1_17_1_layered_hash_2192_v2\net\fabricmc\fabric-api\fabric-transfer-api-v1\1.5.4+cf39a74318\fabric-transfer-api-v1-1.5.4+cf39a74318.jar to classpath.
[10:02:02] [main/DEBUG] (FabricLoader/Knot) Adding C:\Users\yexiaowei\MCreatorWorkspaces\more_dimensions_remake\.gradle\loom-cache\remapped_mods\loom_mappings_1_17_1_layered_hash_2192_v2\net\fabricmc\fabric-api\fabric-networking-blockentity-v0\0.2.12+cf39a74318\fabric-networking-blockentity-v0-0.2.12+cf39a74318.jar to classpath.
[10:02:02] [main/DEBUG] (FabricLoader/Knot) Adding C:\Users\yexiaowei\MCreatorWorkspaces\more_dimensions_remake\.gradle\loom-cache\remapped_mods\loom_mappings_1_17_1_layered_hash_2192_v2\net\fabricmc\fabric-api\fabric-item-api-v1\1.3.0+6617390918\fabric-item-api-v1-1.3.0+6617390918.jar to classpath.
[10:02:02] [main/DEBUG] (FabricLoader/Knot) Adding C:\Users\yexiaowei\MCreatorWorkspaces\more_dimensions_remake\.gradle\loom-cache\remapped_mods\loom_mappings_1_17_1_layered_hash_2192_v2\net\fabricmc\fabric-api\fabric-biome-api-v1\3.2.2+cf39a74318\fabric-biome-api-v1-3.2.2+cf39a74318.jar to classpath.
[10:02:02] [main/DEBUG] (FabricLoader/Knot) Adding C:\Users\yexiaowei\MCreatorWorkspaces\more_dimensions_remake\.gradle\loom-cache\remapped_mods\loom_mappings_1_17_1_layered_hash_2192_v2\net\fabricmc\fabric-api\fabric-data-generation-api-v1\1.1.2+4a20890318\fabric-data-generation-api-v1-1.1.2+4a20890318.jar to classpath.
[10:02:02] [main/DEBUG] (FabricLoader/Knot) Adding C:\Users\yexiaowei\MCreatorWorkspaces\more_dimensions_remake\.gradle\loom-cache\remapped_mods\loom_mappings_1_17_1_layered_hash_2192_v2\net\fabricmc\fabric-api\fabric-entity-events-v1\1.4.1+377137cc18\fabric-entity-events-v1-1.4.1+377137cc18.jar to classpath.
[10:02:02] [main/DEBUG] (FabricLoader/Knot) Adding C:\Users\yexiaowei\MCreatorWorkspaces\more_dimensions_remake\.gradle\loom-cache\remapped_mods\loom_mappings_1_17_1_layered_hash_2192_v2\net\fabricmc\fabric-api\fabric-api-base\0.4.0+cf39a74318\fabric-api-base-0.4.0+cf39a74318.jar to classpath.
[10:02:02] [main/DEBUG] (FabricLoader/Knot) Adding C:\Users\yexiaowei\MCreatorWorkspaces\more_dimensions_remake\.gradle\loom-cache\remapped_mods\loom_mappings_1_17_1_layered_hash_2192_v2\net\fabricmc\fabric-api\fabric-rendering-data-attachment-v1\0.1.6+cf39a74318\fabric-rendering-data-attachment-v1-0.1.6+cf39a74318.jar to classpath.
[10:02:02] [main/DEBUG] (FabricLoader/Knot) Adding C:\Users\yexiaowei\MCreatorWorkspaces\more_dimensions_remake\.gradle\loom-cache\remapped_mods\loom_mappings_1_17_1_layered_hash_2192_v2\net\fabricmc\fabric-api\fabric-events-lifecycle-v0\0.2.4+cf39a74318\fabric-events-lifecycle-v0-0.2.4+cf39a74318.jar to classpath.
[10:02:02] [main/DEBUG] (FabricLoader/Knot) Adding C:\Users\yexiaowei\MCreatorWorkspaces\more_dimensions_remake\.gradle\loom-cache\remapped_mods\loom_mappings_1_17_1_layered_hash_2192_v2\net\fabricmc\fabric-api\fabric-gametest-api-v1\1.0.5+234bdc2e18\fabric-gametest-api-v1-1.0.5+234bdc2e18.jar to classpath.
[10:02:02] [main/DEBUG] (FabricLoader/Knot) Adding C:\Users\yexiaowei\MCreatorWorkspaces\more_dimensions_remake\.gradle\loom-cache\remapped_mods\loom_mappings_1_17_1_layered_hash_2192_v2\net\fabricmc\fabric-api\fabric-rendering-fluids-v1\0.2.1+cf39a74318\fabric-rendering-fluids-v1-0.2.1+cf39a74318.jar to classpath.
[10:02:02] [main/DEBUG] (FabricLoader/Knot) Adding C:\Users\yexiaowei\MCreatorWorkspaces\more_dimensions_remake\.gradle\loom-cache\remapped_mods\loom_mappings_1_17_1_layered_hash_2192_v2\net\fabricmc\fabric-api\fabric-particles-v1\0.2.5+cf39a74318\fabric-particles-v1-0.2.5+cf39a74318.jar to classpath.
[10:02:02] [main/DEBUG] (FabricLoader/Knot) Adding C:\Users\yexiaowei\MCreatorWorkspaces\more_dimensions_remake\build\classes\java\main to classpath.
[10:02:02] [main/DEBUG] (FabricLoader/Entrypoint) Registering new-style initializer net.fabricmc.fabric.impl.structure.FabricStructureImpl for mod fabric-structure-api-v1 (key main)
[10:02:02] [main/DEBUG] (FabricLoader/Entrypoint) Registering new-style initializer net.fabricmc.fabric.impl.event.interaction.InteractionEventsRouterClient for mod fabric-events-interaction-v0 (key client)
[10:02:02] [main/DEBUG] (FabricLoader/Entrypoint) Registering new-style initializer net.fabricmc.fabric.impl.event.interaction.InteractionEventsRouter for mod fabric-events-interaction-v0 (key main)
[10:02:02] [main/DEBUG] (FabricLoader/Entrypoint) Registering new-style initializer net.fabricmc.fabric.impl.mininglevel.FabricMiningLevelInit for mod fabric-mining-level-api-v1 (key main)
[10:02:02] [main/DEBUG] (FabricLoader/Entrypoint) Registering new-style initializer net.fabricmc.fabric.impl.networking.client.ClientNetworkingImpl::clientInit for mod fabric-networking-api-v1 (key client)
[10:02:02] [main/DEBUG] (FabricLoader/Entrypoint) Registering new-style initializer net.fabricmc.fabric.impl.networking.NetworkingImpl::init for mod fabric-networking-api-v1 (key main)
[10:02:02] [main/DEBUG] (FabricLoader/Entrypoint) Registering new-style initializer net.fabricmc.fabric.impl.client.container.ScreenProviderRegistryImpl::init for mod fabric-containers-v0 (key client)
[10:02:02] [main/DEBUG] (FabricLoader/Entrypoint) Registering new-style initializer net.fabricmc.fabric.impl.registry.sync.FabricRegistryClientInit for mod fabric-registry-sync-v0 (key client)
[10:02:02] [main/DEBUG] (FabricLoader/Entrypoint) Registering new-style initializer net.fabricmc.fabric.impl.registry.sync.FabricRegistryInit for mod fabric-registry-sync-v0 (key main)
[10:02:02] [main/DEBUG] (FabricLoader/Entrypoint) Registering new-style initializer net.fabricmc.fabric.impl.networking.OldClientNetworkingHooks for mod fabric-networking-v0 (key client)
[10:02:02] [main/DEBUG] (FabricLoader/Entrypoint) Registering new-style initializer net.fabricmc.fabric.impl.networking.OldNetworkingHooks for mod fabric-networking-v0 (key main)
[10:02:02] [main/DEBUG] (FabricLoader/Entrypoint) Registering new-style initializer net.fabricmc.fabric.impl.screenhandler.client.ClientNetworking for mod fabric-screen-handler-api-v1 (key client)
[10:02:02] [main/DEBUG] (FabricLoader/Entrypoint) Registering new-style initializer more_dimensions_remake.ClientInit for mod more_dimensions_remake (key client)
[10:02:02] [main/DEBUG] (FabricLoader/Entrypoint) Registering new-style initializer more_dimensions_remake.MoreDimensionsRemakeMod for mod more_dimensions_remake (key main)
[10:02:02] [main/DEBUG] (FabricLoader/Entrypoint) Registering new-style initializer net.fabricmc.fabric.impl.event.lifecycle.ClientLifecycleEventsImpl for mod fabric-lifecycle-events-v1 (key client)
[10:02:02] [main/DEBUG] (FabricLoader/Entrypoint) Registering new-style initializer net.fabricmc.fabric.impl.event.lifecycle.LifecycleEventsImpl for mod fabric-lifecycle-events-v1 (key main)
[10:02:02] [main/DEBUG] (FabricLoader/Entrypoint) Registering new-style initializer net.fabricmc.fabric.impl.lookup.ApiLookupImpl for mod fabric-api-lookup-api-v1 (key main)
[10:02:02] [main/DEBUG] (FabricLoader/Entrypoint) Registering new-style initializer net.fabricmc.fabric.impl.tool.attribute.ToolHandlers for mod fabric-tool-attribute-api-v1 (key main)
[10:02:02] [main/DEBUG] (FabricLoader/Entrypoint) Registering new-style initializer net.fabricmc.fabric.impl.event.lifecycle.client.LegacyClientEventInvokers for mod fabric-events-lifecycle-v0 (key client)
[10:02:02] [main/DEBUG] (FabricLoader/Entrypoint) Registering new-style initializer net.fabricmc.fabric.impl.event.lifecycle.LegacyEventInvokers for mod fabric-events-lifecycle-v0 (key main)
[10:02:02] [main/DEBUG] (FabricLoader/Entrypoint) Registering new-style initializer net.fabricmc.fabric.impl.gametest.FabricGameTestModInitializer for mod fabric-gametest-api-v1 (key main)
[10:02:02] [main/DEBUG] (FabricLoader/Entrypoint) Registering new-style initializer net.fabricmc.fabric.impl.client.rendering.fluid.FluidRenderingClientInitializer for mod fabric-rendering-fluids-v1 (key client)
[10:02:02] [main/DEBUG] (FabricLoader/Mappings) Loading mappings took 266 ms
