[10:02:01] [main/INFO] (FabricLoader/GameProvider) Loading Minecraft 1.17.1 with Fabric Loader 0.13.1
[10:02:02] [main/INFO] (FabricLoader) Loading 42 mods:
	- fabric 0.46.1+1.17
	- fabric-api-base 0.4.0+cf39a74318
	- fabric-api-lookup-api-v1 1.5.0+e821752d18
	- fabric-biome-api-v1 3.2.2+cf39a74318
	- fabric-command-api-v1 1.1.4+cf39a74318
	- fabric-commands-v0 0.2.3+cf39a74318
	- fabric-containers-v0 0.1.13+cf39a74318
	- fabric-content-registries-v0 0.4.1+3447790d18
	- fabric-crash-report-info-v1 0.1.6+cf39a74318
	- fabric-data-generation-api-v1 1.1.2+4a20890318
	- fabric-dimensions-v1 2.0.15+b556f28c18
	- fabric-entity-events-v1 1.4.1+377137cc18
	- fabric-events-interaction-v0 0.4.12+e99fbe1218
	- fabric-events-lifecycle-v0 0.2.4+cf39a74318
	- fabric-game-rule-api-v1 1.0.8+cf39a74318
	- fabric-gametest-api-v1 1.0.5+234bdc2e18
	- fabric-item-api-v1 1.3.0+6617390918
	- fabric-item-groups-v0 0.3.2+cf39a74318
	- fabric-lifecycle-events-v1 1.4.6+0392f3a618
	- fabric-loot-tables-v1 1.0.5+cf39a74318
	- fabric-mining-level-api-v1 1.0.3+cf39a74318
	- fabric-mining-levels-v0 0.1.7+cf39a74318
	- fabric-networking-api-v1 1.0.14+cf39a74318
	- fabric-networking-blockentity-v0 0.2.12+cf39a74318
	- fabric-networking-v0 0.3.3+cf39a74318
	- fabric-object-builder-api-v1 1.11.1+f907116918
	- fabric-object-builders-v0 0.7.8+cf39a74318
	- fabric-particles-v1 0.2.5+cf39a74318
	- fabric-registry-sync-v0 0.8.0+ea29b33318
	- fabric-rendering-data-attachment-v1 0.1.6+cf39a74318
	- fabric-rendering-fluids-v1 0.2.1+cf39a74318
	- fabric-resource-conditions-api-v1 1.0.1+591a0f2118
	- fabric-resource-loader-v0 0.4.10+f09604ce18
	- fabric-screen-handler-api-v1 1.1.9+cf39a74318
	- fabric-structure-api-v1 1.2.0+48a9ad8918
	- fabric-tag-extensions-v0 1.2.3+cf39a74318
	- fabric-tool-attribute-api-v1 1.3.3+3b96517518
	- fabric-transfer-api-v1 1.5.4+cf39a74318
	- fabricloader 0.13.1
	- java 17
	- minecraft 1.17.1
	- more_dimensions_remake 1.0.0
